Namespace(exp_name='dgcnn_1024_1', model='dgcnn', dataset='modelnet40', batch_size=32, test_batch_size=16, epochs=250, use_sgd=True, lr=0.001, momentum=0.9, no_cuda=False, seed=1, eval=False, num_points=1024, dropout=0.5, emb_dims=1024, k=20, model_path='')
Using GPU : 0 from 1 devices
Train 0, loss: 2.772268, train acc: 0.440757, train avg acc: 0.258622
Test 0, loss: 2.249207, test acc: 0.605348, test avg acc: 0.453738
Train 1, loss: 2.200820, train acc: 0.641796, train avg acc: 0.459964
Test 1, loss: 2.016090, test acc: 0.723663, test avg acc: 0.596645
Train 2, loss: 2.031260, train acc: 0.712032, train avg acc: 0.555776
Test 2, loss: 1.915581, test acc: 0.767423, test avg acc: 0.676192
Train 3, loss: 1.942758, train acc: 0.749593, train avg acc: 0.617244
Test 3, loss: 1.740368, test acc: 0.831037, test avg acc: 0.725035
Train 4, loss: 1.889738, train acc: 0.775550, train avg acc: 0.652837
Test 4, loss: 1.795915, test acc: 0.798622, test avg acc: 0.687948
Train 5, loss: 1.840946, train acc: 0.791735, train avg acc: 0.678368
Test 5, loss: 1.728124, test acc: 0.831442, test avg acc: 0.753663
Train 6, loss: 1.816403, train acc: 0.806393, train avg acc: 0.697388
Test 6, loss: 1.721035, test acc: 0.833468, test avg acc: 0.736547
Train 7, loss: 1.784606, train acc: 0.812907, train avg acc: 0.704628
Test 7, loss: 1.674007, test acc: 0.854943, test avg acc: 0.786029
Train 8, loss: 1.762682, train acc: 0.829296, train avg acc: 0.732591
Test 8, loss: 1.659995, test acc: 0.854943, test avg acc: 0.760558
Train 9, loss: 1.750692, train acc: 0.831840, train avg acc: 0.737839
Test 9, loss: 1.683011, test acc: 0.850486, test avg acc: 0.776122
Train 10, loss: 1.739387, train acc: 0.838966, train avg acc: 0.751741
Test 10, loss: 1.645591, test acc: 0.867909, test avg acc: 0.799180
Train 11, loss: 1.721501, train acc: 0.847822, train avg acc: 0.763316
Test 11, loss: 1.632638, test acc: 0.868720, test avg acc: 0.802023
Train 12, loss: 1.710587, train acc: 0.850366, train avg acc: 0.768126
Test 12, loss: 1.596933, test acc: 0.891410, test avg acc: 0.821471
Train 13, loss: 1.690754, train acc: 0.854336, train avg acc: 0.770681
Test 13, loss: 1.592556, test acc: 0.882901, test avg acc: 0.807430
Train 14, loss: 1.675650, train acc: 0.866042, train avg acc: 0.790013
Test 14, loss: 1.697203, test acc: 0.833874, test avg acc: 0.763262
Train 15, loss: 1.671640, train acc: 0.864210, train avg acc: 0.790652
Test 15, loss: 1.678836, test acc: 0.853728, test avg acc: 0.822843
Train 16, loss: 1.666560, train acc: 0.869300, train avg acc: 0.795189
Test 16, loss: 1.582758, test acc: 0.890194, test avg acc: 0.835558
Train 17, loss: 1.657344, train acc: 0.871132, train avg acc: 0.804170
Test 17, loss: 1.573726, test acc: 0.887358, test avg acc: 0.820831
Train 18, loss: 1.654633, train acc: 0.873168, train avg acc: 0.803113
Test 18, loss: 1.631809, test acc: 0.864263, test avg acc: 0.791651
Train 19, loss: 1.644725, train acc: 0.877443, train avg acc: 0.809441
Test 19, loss: 1.584674, test acc: 0.880470, test avg acc: 0.816756
Train 20, loss: 1.640131, train acc: 0.877545, train avg acc: 0.810398
Test 20, loss: 1.588680, test acc: 0.891410, test avg acc: 0.822930
Train 21, loss: 1.629684, train acc: 0.880904, train avg acc: 0.811375
Test 21, loss: 1.596775, test acc: 0.877634, test avg acc: 0.827366
Train 22, loss: 1.631240, train acc: 0.880599, train avg acc: 0.815829
Test 22, loss: 1.565510, test acc: 0.897488, test avg acc: 0.848843
Train 23, loss: 1.626395, train acc: 0.877647, train avg acc: 0.808674
Test 23, loss: 1.590933, test acc: 0.891005, test avg acc: 0.828419
Train 24, loss: 1.625310, train acc: 0.883652, train avg acc: 0.822159
Test 24, loss: 1.649696, test acc: 0.852107, test avg acc: 0.802471
Train 25, loss: 1.614998, train acc: 0.889658, train avg acc: 0.827050
Test 25, loss: 1.597101, test acc: 0.876823, test avg acc: 0.828558
Train 26, loss: 1.610138, train acc: 0.891083, train avg acc: 0.832244
Test 26, loss: 1.532175, test acc: 0.906402, test avg acc: 0.857343
Train 27, loss: 1.605104, train acc: 0.894748, train avg acc: 0.835462
Test 27, loss: 1.528844, test acc: 0.900324, test avg acc: 0.849872
Train 28, loss: 1.608149, train acc: 0.891287, train avg acc: 0.831934
Test 28, loss: 1.603743, test acc: 0.876013, test avg acc: 0.847506
Train 29, loss: 1.602205, train acc: 0.892610, train avg acc: 0.831723
Test 29, loss: 1.541808, test acc: 0.899514, test avg acc: 0.847762
Train 30, loss: 1.596275, train acc: 0.894137, train avg acc: 0.837558
Test 30, loss: 1.568865, test acc: 0.884522, test avg acc: 0.856977
Train 31, loss: 1.599306, train acc: 0.892305, train avg acc: 0.831018
Test 31, loss: 1.562143, test acc: 0.885737, test avg acc: 0.851262
Train 32, loss: 1.595935, train acc: 0.897496, train avg acc: 0.840544
Test 32, loss: 1.542062, test acc: 0.891815, test avg acc: 0.848523
Train 33, loss: 1.593180, train acc: 0.897191, train avg acc: 0.842070
Test 33, loss: 1.593674, test acc: 0.880875, test avg acc: 0.818692
Train 34, loss: 1.587338, train acc: 0.896071, train avg acc: 0.837711
Test 34, loss: 1.550126, test acc: 0.883306, test avg acc: 0.854512
Train 35, loss: 1.577118, train acc: 0.906046, train avg acc: 0.856102
Test 35, loss: 1.538185, test acc: 0.893841, test avg acc: 0.840797
Train 36, loss: 1.581784, train acc: 0.901466, train avg acc: 0.845517
Test 36, loss: 1.572059, test acc: 0.891005, test avg acc: 0.843145
Train 37, loss: 1.579372, train acc: 0.901975, train avg acc: 0.851056
Test 37, loss: 1.559756, test acc: 0.881686, test avg acc: 0.837564
Train 38, loss: 1.585836, train acc: 0.897801, train avg acc: 0.845423
Test 38, loss: 1.582834, test acc: 0.880065, test avg acc: 0.830628
Train 39, loss: 1.575657, train acc: 0.900143, train avg acc: 0.846090
Test 39, loss: 1.610030, test acc: 0.867504, test avg acc: 0.825401
Train 40, loss: 1.571921, train acc: 0.906963, train avg acc: 0.854828
Test 40, loss: 1.514190, test acc: 0.900729, test avg acc: 0.862936
Train 41, loss: 1.566863, train acc: 0.905029, train avg acc: 0.856129
Test 41, loss: 1.572651, test acc: 0.872366, test avg acc: 0.842238
Train 42, loss: 1.566984, train acc: 0.908286, train avg acc: 0.860074
Test 42, loss: 1.562835, test acc: 0.888979, test avg acc: 0.851483
Train 43, loss: 1.565083, train acc: 0.906759, train avg acc: 0.853506
Test 43, loss: 1.524142, test acc: 0.899109, test avg acc: 0.853047
Train 44, loss: 1.564579, train acc: 0.907064, train avg acc: 0.859711
Test 44, loss: 1.540536, test acc: 0.897083, test avg acc: 0.844134
Train 45, loss: 1.566629, train acc: 0.904418, train avg acc: 0.853818
Test 45, loss: 1.588166, test acc: 0.882901, test avg acc: 0.820349
Train 46, loss: 1.556417, train acc: 0.912154, train avg acc: 0.863026
Test 46, loss: 1.562980, test acc: 0.888979, test avg acc: 0.839727
Train 47, loss: 1.550962, train acc: 0.914292, train avg acc: 0.864647
Test 47, loss: 1.516466, test acc: 0.904376, test avg acc: 0.868547
Train 48, loss: 1.558925, train acc: 0.908998, train avg acc: 0.859932
Test 48, loss: 1.569315, test acc: 0.889789, test avg acc: 0.860023
Train 49, loss: 1.551835, train acc: 0.910322, train avg acc: 0.862306
Test 49, loss: 1.571778, test acc: 0.894652, test avg acc: 0.850721
Train 50, loss: 1.544977, train acc: 0.915717, train avg acc: 0.868520
Test 50, loss: 1.607818, test acc: 0.869125, test avg acc: 0.823913
Train 51, loss: 1.552254, train acc: 0.913274, train avg acc: 0.866664
Test 51, loss: 1.533294, test acc: 0.897893, test avg acc: 0.852291
Train 52, loss: 1.541490, train acc: 0.916735, train avg acc: 0.871953
Test 52, loss: 1.578873, test acc: 0.892220, test avg acc: 0.853448
Train 53, loss: 1.543463, train acc: 0.918261, train avg acc: 0.872768
Test 53, loss: 1.565460, test acc: 0.890600, test avg acc: 0.864500
Train 54, loss: 1.554007, train acc: 0.908795, train avg acc: 0.862416
Test 54, loss: 1.502486, test acc: 0.912885, test avg acc: 0.874564
Train 55, loss: 1.553189, train acc: 0.911136, train avg acc: 0.864426
Test 55, loss: 1.660778, test acc: 0.846029, test avg acc: 0.792151
Train 56, loss: 1.539580, train acc: 0.917651, train avg acc: 0.872206
Test 56, loss: 1.507494, test acc: 0.905186, test avg acc: 0.865756
Train 57, loss: 1.548030, train acc: 0.914292, train avg acc: 0.868503
Test 57, loss: 1.591423, test acc: 0.890194, test avg acc: 0.838366
Train 58, loss: 1.530085, train acc: 0.922333, train avg acc: 0.877703
Test 58, loss: 1.493909, test acc: 0.914506, test avg acc: 0.865680
Train 59, loss: 1.527502, train acc: 0.925387, train avg acc: 0.882488
Test 59, loss: 1.551175, test acc: 0.908428, test avg acc: 0.875942
Train 60, loss: 1.538667, train acc: 0.916327, train avg acc: 0.871106
Test 60, loss: 1.556246, test acc: 0.886548, test avg acc: 0.826430
Train 61, loss: 1.536260, train acc: 0.920603, train avg acc: 0.880151
Test 61, loss: 1.580692, test acc: 0.877229, test avg acc: 0.838988
Train 62, loss: 1.531716, train acc: 0.920399, train avg acc: 0.877446
Test 62, loss: 1.554767, test acc: 0.896677, test avg acc: 0.846581
Train 63, loss: 1.524498, train acc: 0.923860, train avg acc: 0.882702
Test 63, loss: 1.509720, test acc: 0.902350, test avg acc: 0.876087
Train 64, loss: 1.529577, train acc: 0.924878, train avg acc: 0.885613
Test 64, loss: 1.571718, test acc: 0.890194, test avg acc: 0.843419
Train 65, loss: 1.530416, train acc: 0.918872, train avg acc: 0.874553
Test 65, loss: 1.536329, test acc: 0.901135, test avg acc: 0.869459
Train 66, loss: 1.527058, train acc: 0.922333, train avg acc: 0.879605
Test 66, loss: 1.550590, test acc: 0.892626, test avg acc: 0.859523
Train 67, loss: 1.521919, train acc: 0.926507, train avg acc: 0.889151
Test 67, loss: 1.548200, test acc: 0.898298, test avg acc: 0.848006
Train 68, loss: 1.523881, train acc: 0.925081, train avg acc: 0.886143
Test 68, loss: 1.505740, test acc: 0.898298, test avg acc: 0.864930
Train 69, loss: 1.517774, train acc: 0.926099, train avg acc: 0.887804
Test 69, loss: 1.515681, test acc: 0.908833, test avg acc: 0.860378
Train 70, loss: 1.527225, train acc: 0.922740, train avg acc: 0.878172
Test 70, loss: 1.563231, test acc: 0.878849, test avg acc: 0.832605
Train 71, loss: 1.519139, train acc: 0.926914, train avg acc: 0.890261
Test 71, loss: 1.552667, test acc: 0.897488, test avg acc: 0.864122
Train 72, loss: 1.521666, train acc: 0.924064, train avg acc: 0.883327
Test 72, loss: 1.505642, test acc: 0.914100, test avg acc: 0.871884
Train 73, loss: 1.514278, train acc: 0.929357, train avg acc: 0.891663
Test 73, loss: 1.489087, test acc: 0.916937, test avg acc: 0.881285
Train 74, loss: 1.510705, train acc: 0.927626, train avg acc: 0.890277
Test 74, loss: 1.522290, test acc: 0.900324, test avg acc: 0.874180
Train 75, loss: 1.505371, train acc: 0.930782, train avg acc: 0.893316
Test 75, loss: 1.503415, test acc: 0.905592, test avg acc: 0.862599
Train 76, loss: 1.507698, train acc: 0.926608, train avg acc: 0.886529
Test 76, loss: 1.533730, test acc: 0.897083, test avg acc: 0.858599
Train 77, loss: 1.505121, train acc: 0.931494, train avg acc: 0.894757
Test 77, loss: 1.502568, test acc: 0.913290, test avg acc: 0.861372
Train 78, loss: 1.512747, train acc: 0.926507, train avg acc: 0.887636
Test 78, loss: 1.566675, test acc: 0.890600, test avg acc: 0.843238
Train 79, loss: 1.501945, train acc: 0.932003, train avg acc: 0.897183
Test 79, loss: 1.528906, test acc: 0.891410, test avg acc: 0.847215
Train 80, loss: 1.504711, train acc: 0.930273, train avg acc: 0.891883
Test 80, loss: 1.517744, test acc: 0.906402, test avg acc: 0.873767
Train 81, loss: 1.499381, train acc: 0.934752, train avg acc: 0.899783
Test 81, loss: 1.515344, test acc: 0.905997, test avg acc: 0.860983
Train 82, loss: 1.504874, train acc: 0.933021, train avg acc: 0.899251
Test 82, loss: 1.499736, test acc: 0.908833, test avg acc: 0.871203
Train 83, loss: 1.507010, train acc: 0.929866, train avg acc: 0.893287
Test 83, loss: 1.519912, test acc: 0.899109, test avg acc: 0.852023
Train 84, loss: 1.498012, train acc: 0.935261, train avg acc: 0.901177
Test 84, loss: 1.551520, test acc: 0.888979, test avg acc: 0.864453
Train 85, loss: 1.492297, train acc: 0.936177, train avg acc: 0.904222
Test 85, loss: 1.510665, test acc: 0.906807, test avg acc: 0.865372
Train 86, loss: 1.494060, train acc: 0.937093, train avg acc: 0.904108
Test 86, loss: 1.492243, test acc: 0.912885, test avg acc: 0.863378
Train 87, loss: 1.491709, train acc: 0.935668, train avg acc: 0.902172
Test 87, loss: 1.548430, test acc: 0.899919, test avg acc: 0.849297
Train 88, loss: 1.495186, train acc: 0.933123, train avg acc: 0.896492
Test 88, loss: 1.506383, test acc: 0.901135, test avg acc: 0.856093
Train 89, loss: 1.487825, train acc: 0.937704, train avg acc: 0.904609
Test 89, loss: 1.513394, test acc: 0.901540, test avg acc: 0.858430
Train 90, loss: 1.494625, train acc: 0.935261, train avg acc: 0.897663
Test 90, loss: 1.518463, test acc: 0.905592, test avg acc: 0.860797
Train 91, loss: 1.490718, train acc: 0.935159, train avg acc: 0.900061
Test 91, loss: 1.509053, test acc: 0.907212, test avg acc: 0.864814
Train 92, loss: 1.487633, train acc: 0.936177, train avg acc: 0.901906
Test 92, loss: 1.530590, test acc: 0.893436, test avg acc: 0.851221
Train 93, loss: 1.481999, train acc: 0.937805, train avg acc: 0.905555
Test 93, loss: 1.512046, test acc: 0.905592, test avg acc: 0.863302
Train 94, loss: 1.478132, train acc: 0.943099, train avg acc: 0.911008
Test 94, loss: 1.501404, test acc: 0.894652, test avg acc: 0.865552
Train 95, loss: 1.482234, train acc: 0.940147, train avg acc: 0.907833
Test 95, loss: 1.515729, test acc: 0.908023, test avg acc: 0.850837
Train 96, loss: 1.477698, train acc: 0.942386, train avg acc: 0.911997
Test 96, loss: 1.492382, test acc: 0.910049, test avg acc: 0.869953
Train 97, loss: 1.485701, train acc: 0.936279, train avg acc: 0.901289
Test 97, loss: 1.527840, test acc: 0.887358, test avg acc: 0.860256
Train 98, loss: 1.482180, train acc: 0.937907, train avg acc: 0.905860
Test 98, loss: 1.530662, test acc: 0.881280, test avg acc: 0.862256
Train 99, loss: 1.477635, train acc: 0.942793, train avg acc: 0.908906
Test 99, loss: 1.484822, test acc: 0.904376, test avg acc: 0.859424
Train 100, loss: 1.476604, train acc: 0.942691, train avg acc: 0.912807
Test 100, loss: 1.504341, test acc: 0.907212, test avg acc: 0.882459
Train 101, loss: 1.478658, train acc: 0.942997, train avg acc: 0.911730
Test 101, loss: 1.562349, test acc: 0.885737, test avg acc: 0.869145
Train 102, loss: 1.474331, train acc: 0.940859, train avg acc: 0.906398
Test 102, loss: 1.472401, test acc: 0.916532, test avg acc: 0.870209
Train 103, loss: 1.472544, train acc: 0.942182, train avg acc: 0.913293
Test 103, loss: 1.489435, test acc: 0.903971, test avg acc: 0.870169
Train 104, loss: 1.474289, train acc: 0.940248, train avg acc: 0.909829
Test 104, loss: 1.508303, test acc: 0.899109, test avg acc: 0.864157
Train 105, loss: 1.472011, train acc: 0.941877, train avg acc: 0.908245
Test 105, loss: 1.502654, test acc: 0.905592, test avg acc: 0.861750
Train 106, loss: 1.466557, train acc: 0.943913, train avg acc: 0.918565
Test 106, loss: 1.501773, test acc: 0.902755, test avg acc: 0.865302
Train 107, loss: 1.465896, train acc: 0.945236, train avg acc: 0.916207
Test 107, loss: 1.527107, test acc: 0.893031, test avg acc: 0.854262
Train 108, loss: 1.461491, train acc: 0.944829, train avg acc: 0.915118
Test 108, loss: 1.488863, test acc: 0.902755, test avg acc: 0.864424
Train 109, loss: 1.460610, train acc: 0.948290, train avg acc: 0.920657
Test 109, loss: 1.506497, test acc: 0.898298, test avg acc: 0.865849
Train 110, loss: 1.461641, train acc: 0.945847, train avg acc: 0.918000
Test 110, loss: 1.488461, test acc: 0.907618, test avg acc: 0.863930
Train 111, loss: 1.459605, train acc: 0.947679, train avg acc: 0.920838
Test 111, loss: 1.482170, test acc: 0.913290, test avg acc: 0.868547
Train 112, loss: 1.461190, train acc: 0.947985, train avg acc: 0.920427
Test 112, loss: 1.477376, test acc: 0.918558, test avg acc: 0.890500
Train 113, loss: 1.454492, train acc: 0.949308, train avg acc: 0.922097
Test 113, loss: 1.494062, test acc: 0.904781, test avg acc: 0.874884
Train 114, loss: 1.456679, train acc: 0.951242, train avg acc: 0.926376
Test 114, loss: 1.496107, test acc: 0.907212, test avg acc: 0.882802
Train 115, loss: 1.457165, train acc: 0.950835, train avg acc: 0.925329
Test 115, loss: 1.492608, test acc: 0.907212, test avg acc: 0.869459
Train 116, loss: 1.452147, train acc: 0.951649, train avg acc: 0.926999
Test 116, loss: 1.489541, test acc: 0.903971, test avg acc: 0.867477
Train 117, loss: 1.453782, train acc: 0.949002, train avg acc: 0.922970
Test 117, loss: 1.509799, test acc: 0.909643, test avg acc: 0.872843
Train 118, loss: 1.448988, train acc: 0.952260, train avg acc: 0.928354
Test 118, loss: 1.508260, test acc: 0.899919, test avg acc: 0.876872
Train 119, loss: 1.447811, train acc: 0.954601, train avg acc: 0.931144
Test 119, loss: 1.489275, test acc: 0.900729, test avg acc: 0.867669
Train 120, loss: 1.446725, train acc: 0.953481, train avg acc: 0.929635
Test 120, loss: 1.474745, test acc: 0.912075, test avg acc: 0.867099
Train 121, loss: 1.442993, train acc: 0.952158, train avg acc: 0.926484
Test 121, loss: 1.481752, test acc: 0.913695, test avg acc: 0.869547
Train 122, loss: 1.445114, train acc: 0.954092, train avg acc: 0.929758
Test 122, loss: 1.477239, test acc: 0.918558, test avg acc: 0.892291
Train 123, loss: 1.439053, train acc: 0.955822, train avg acc: 0.933164
Test 123, loss: 1.485856, test acc: 0.901540, test avg acc: 0.873203
Train 124, loss: 1.441433, train acc: 0.956637, train avg acc: 0.934611
Test 124, loss: 1.484107, test acc: 0.909643, test avg acc: 0.879186
Train 125, loss: 1.439569, train acc: 0.955517, train avg acc: 0.930349
Test 125, loss: 1.488836, test acc: 0.910859, test avg acc: 0.861628
Train 126, loss: 1.438588, train acc: 0.956637, train avg acc: 0.932902
Test 126, loss: 1.508970, test acc: 0.908833, test avg acc: 0.864581
Train 127, loss: 1.437045, train acc: 0.955212, train avg acc: 0.931562
Test 127, loss: 1.473488, test acc: 0.915316, test avg acc: 0.876506
Train 128, loss: 1.437336, train acc: 0.956840, train avg acc: 0.934702
Test 128, loss: 1.479131, test acc: 0.906402, test avg acc: 0.868512
Train 129, loss: 1.432355, train acc: 0.957655, train avg acc: 0.936078
Test 129, loss: 1.477966, test acc: 0.908023, test avg acc: 0.872785
Train 130, loss: 1.430290, train acc: 0.959385, train avg acc: 0.937465
Test 130, loss: 1.459774, test acc: 0.919368, test avg acc: 0.882209
Train 131, loss: 1.432705, train acc: 0.957248, train avg acc: 0.934069
Test 131, loss: 1.472314, test acc: 0.908428, test avg acc: 0.873762
Train 132, loss: 1.432045, train acc: 0.959691, train avg acc: 0.938447
Test 132, loss: 1.476645, test acc: 0.907212, test avg acc: 0.875099
Train 133, loss: 1.431627, train acc: 0.960607, train avg acc: 0.940186
Test 133, loss: 1.456988, test acc: 0.920583, test avg acc: 0.882291
Train 134, loss: 1.429403, train acc: 0.961828, train avg acc: 0.939926
Test 134, loss: 1.494225, test acc: 0.914100, test avg acc: 0.879581
Train 135, loss: 1.430905, train acc: 0.959691, train avg acc: 0.937020
Test 135, loss: 1.478662, test acc: 0.908023, test avg acc: 0.874593
Train 136, loss: 1.428281, train acc: 0.959487, train avg acc: 0.936690
Test 136, loss: 1.467672, test acc: 0.921394, test avg acc: 0.888709
Train 137, loss: 1.416707, train acc: 0.965086, train avg acc: 0.946025
Test 137, loss: 1.489631, test acc: 0.906402, test avg acc: 0.866221
Train 138, loss: 1.423474, train acc: 0.960403, train avg acc: 0.942074
Test 138, loss: 1.502780, test acc: 0.906807, test avg acc: 0.884872
Train 139, loss: 1.413338, train acc: 0.966205, train avg acc: 0.949307
Test 139, loss: 1.509083, test acc: 0.898298, test avg acc: 0.866047
Train 140, loss: 1.415015, train acc: 0.968445, train avg acc: 0.952293
Test 140, loss: 1.477169, test acc: 0.921799, test avg acc: 0.887419
Train 141, loss: 1.416506, train acc: 0.965594, train avg acc: 0.946561
Test 141, loss: 1.496421, test acc: 0.905186, test avg acc: 0.871122
Train 142, loss: 1.411757, train acc: 0.966714, train avg acc: 0.949142
Test 142, loss: 1.488328, test acc: 0.906402, test avg acc: 0.876802
Train 143, loss: 1.413563, train acc: 0.967121, train avg acc: 0.949935
Test 143, loss: 1.490810, test acc: 0.900324, test avg acc: 0.883930
Train 144, loss: 1.417025, train acc: 0.963559, train avg acc: 0.944216
Test 144, loss: 1.471453, test acc: 0.915721, test avg acc: 0.878843
Train 145, loss: 1.418941, train acc: 0.964475, train avg acc: 0.946252
Test 145, loss: 1.478820, test acc: 0.909238, test avg acc: 0.875640
Train 146, loss: 1.410962, train acc: 0.970277, train avg acc: 0.953898
Test 146, loss: 1.476809, test acc: 0.906402, test avg acc: 0.881384
Train 147, loss: 1.403357, train acc: 0.970277, train avg acc: 0.955226
Test 147, loss: 1.481857, test acc: 0.909238, test avg acc: 0.883000
Train 148, loss: 1.409568, train acc: 0.967020, train avg acc: 0.949411
Test 148, loss: 1.463230, test acc: 0.912075, test avg acc: 0.883547
Train 149, loss: 1.403445, train acc: 0.969157, train avg acc: 0.954490
Test 149, loss: 1.461009, test acc: 0.920583, test avg acc: 0.883209
Train 150, loss: 1.407987, train acc: 0.968648, train avg acc: 0.950966
Test 150, loss: 1.447905, test acc: 0.921799, test avg acc: 0.881616
Train 151, loss: 1.406311, train acc: 0.968139, train avg acc: 0.952889
Test 151, loss: 1.451392, test acc: 0.921799, test avg acc: 0.878959
Train 152, loss: 1.405617, train acc: 0.968139, train avg acc: 0.951784
Test 152, loss: 1.473022, test acc: 0.913695, test avg acc: 0.884878
Train 153, loss: 1.398718, train acc: 0.972007, train avg acc: 0.958112
Test 153, loss: 1.477998, test acc: 0.912075, test avg acc: 0.887669
Train 154, loss: 1.397197, train acc: 0.971702, train avg acc: 0.958057
Test 154, loss: 1.464680, test acc: 0.920178, test avg acc: 0.891174
Train 155, loss: 1.394862, train acc: 0.973025, train avg acc: 0.958994
Test 155, loss: 1.480143, test acc: 0.908023, test avg acc: 0.876512
Train 156, loss: 1.390278, train acc: 0.974756, train avg acc: 0.962890
Test 156, loss: 1.487791, test acc: 0.910049, test avg acc: 0.873215
Train 157, loss: 1.387799, train acc: 0.975265, train avg acc: 0.962863
Test 157, loss: 1.461147, test acc: 0.914506, test avg acc: 0.879163
Train 158, loss: 1.393972, train acc: 0.973025, train avg acc: 0.959464
Test 158, loss: 1.485726, test acc: 0.897488, test avg acc: 0.871047
Train 159, loss: 1.388159, train acc: 0.976690, train avg acc: 0.964517
Test 159, loss: 1.466877, test acc: 0.911669, test avg acc: 0.870529
Train 160, loss: 1.388973, train acc: 0.975977, train avg acc: 0.963247
Test 160, loss: 1.484091, test acc: 0.897893, test avg acc: 0.878041
Train 161, loss: 1.385603, train acc: 0.976181, train avg acc: 0.962696
Test 161, loss: 1.464616, test acc: 0.910859, test avg acc: 0.870965
Train 162, loss: 1.384589, train acc: 0.975366, train avg acc: 0.961134
Test 162, loss: 1.466298, test acc: 0.909643, test avg acc: 0.876512
Train 163, loss: 1.383810, train acc: 0.975570, train avg acc: 0.964032
Test 163, loss: 1.459697, test acc: 0.917342, test avg acc: 0.885012
Train 164, loss: 1.384300, train acc: 0.979336, train avg acc: 0.968278
Test 164, loss: 1.474986, test acc: 0.902755, test avg acc: 0.868605
Train 165, loss: 1.384609, train acc: 0.975977, train avg acc: 0.962292
Test 165, loss: 1.483183, test acc: 0.915316, test avg acc: 0.878930
Train 166, loss: 1.377903, train acc: 0.977402, train avg acc: 0.964692
Test 166, loss: 1.460984, test acc: 0.918152, test avg acc: 0.881558
Train 167, loss: 1.379595, train acc: 0.977708, train avg acc: 0.965359
Test 167, loss: 1.460877, test acc: 0.920178, test avg acc: 0.887500
Train 168, loss: 1.377082, train acc: 0.978929, train avg acc: 0.966199
Test 168, loss: 1.471319, test acc: 0.914911, test avg acc: 0.887622
Train 169, loss: 1.375564, train acc: 0.979235, train avg acc: 0.967341
Test 169, loss: 1.463875, test acc: 0.913290, test avg acc: 0.887576
Train 170, loss: 1.372740, train acc: 0.978827, train avg acc: 0.968779
Test 170, loss: 1.445439, test acc: 0.924635, test avg acc: 0.884785
Train 171, loss: 1.375600, train acc: 0.978522, train avg acc: 0.965944
Test 171, loss: 1.456610, test acc: 0.918152, test avg acc: 0.880756
Train 172, loss: 1.371489, train acc: 0.980660, train avg acc: 0.969562
Test 172, loss: 1.450815, test acc: 0.923825, test avg acc: 0.886291
Train 173, loss: 1.370809, train acc: 0.980660, train avg acc: 0.971131
Test 173, loss: 1.475633, test acc: 0.906402, test avg acc: 0.887448
Train 174, loss: 1.370147, train acc: 0.981474, train avg acc: 0.972090
Test 174, loss: 1.462119, test acc: 0.914100, test avg acc: 0.876971
Train 175, loss: 1.368231, train acc: 0.980965, train avg acc: 0.969886
Test 175, loss: 1.449390, test acc: 0.925041, test avg acc: 0.893116
Train 176, loss: 1.367906, train acc: 0.982594, train avg acc: 0.973732
Test 176, loss: 1.455090, test acc: 0.918963, test avg acc: 0.888552
Train 177, loss: 1.362411, train acc: 0.984222, train avg acc: 0.975280
Test 177, loss: 1.463245, test acc: 0.902350, test avg acc: 0.879756
Train 178, loss: 1.361407, train acc: 0.986360, train avg acc: 0.979495
Test 178, loss: 1.445820, test acc: 0.925041, test avg acc: 0.899622
Train 179, loss: 1.362229, train acc: 0.984324, train avg acc: 0.977359
Test 179, loss: 1.451756, test acc: 0.914911, test avg acc: 0.887907
Train 180, loss: 1.358709, train acc: 0.985851, train avg acc: 0.978714
Test 180, loss: 1.449182, test acc: 0.916126, test avg acc: 0.883122
Train 181, loss: 1.358839, train acc: 0.985037, train avg acc: 0.976770
Test 181, loss: 1.456962, test acc: 0.916937, test avg acc: 0.890581
Train 182, loss: 1.356404, train acc: 0.987174, train avg acc: 0.979539
Test 182, loss: 1.443804, test acc: 0.921394, test avg acc: 0.888581
Train 183, loss: 1.356653, train acc: 0.986156, train avg acc: 0.979813
Test 183, loss: 1.460704, test acc: 0.911669, test avg acc: 0.878500
Train 184, loss: 1.357587, train acc: 0.985647, train avg acc: 0.977448
Test 184, loss: 1.441511, test acc: 0.921394, test avg acc: 0.890122
Train 185, loss: 1.350137, train acc: 0.989821, train avg acc: 0.984303
Test 185, loss: 1.460136, test acc: 0.915721, test avg acc: 0.888291
Train 186, loss: 1.354029, train acc: 0.987989, train avg acc: 0.981756
Test 186, loss: 1.460915, test acc: 0.908023, test avg acc: 0.878878
Train 187, loss: 1.351155, train acc: 0.987683, train avg acc: 0.981304
Test 187, loss: 1.452425, test acc: 0.924230, test avg acc: 0.899209
Train 188, loss: 1.351198, train acc: 0.988192, train avg acc: 0.981303
Test 188, loss: 1.443401, test acc: 0.922609, test avg acc: 0.888203
Train 189, loss: 1.349880, train acc: 0.989007, train avg acc: 0.983883
Test 189, loss: 1.437988, test acc: 0.923825, test avg acc: 0.886802
Train 190, loss: 1.350268, train acc: 0.987887, train avg acc: 0.981241
Test 190, loss: 1.451186, test acc: 0.922609, test avg acc: 0.890959
Train 191, loss: 1.345289, train acc: 0.989719, train avg acc: 0.983281
Test 191, loss: 1.451094, test acc: 0.915721, test avg acc: 0.883581
Train 192, loss: 1.344200, train acc: 0.989923, train avg acc: 0.984162
Test 192, loss: 1.447787, test acc: 0.918558, test avg acc: 0.880826
Train 193, loss: 1.344429, train acc: 0.989414, train avg acc: 0.981941
Test 193, loss: 1.439213, test acc: 0.928282, test avg acc: 0.890953
Train 194, loss: 1.343088, train acc: 0.991144, train avg acc: 0.986690
Test 194, loss: 1.444668, test acc: 0.916937, test avg acc: 0.883919
Train 195, loss: 1.346190, train acc: 0.987581, train avg acc: 0.982601
Test 195, loss: 1.437356, test acc: 0.925041, test avg acc: 0.890703
Train 196, loss: 1.342990, train acc: 0.989108, train avg acc: 0.982463
Test 196, loss: 1.440341, test acc: 0.926661, test avg acc: 0.890744
Train 197, loss: 1.342071, train acc: 0.990228, train avg acc: 0.987195
Test 197, loss: 1.448517, test acc: 0.920583, test avg acc: 0.889994
Train 198, loss: 1.340003, train acc: 0.990839, train avg acc: 0.986514
Test 198, loss: 1.447584, test acc: 0.917747, test avg acc: 0.886913
Train 199, loss: 1.338565, train acc: 0.991246, train avg acc: 0.986688
Test 199, loss: 1.449234, test acc: 0.915316, test avg acc: 0.879250
Train 200, loss: 1.338340, train acc: 0.992976, train avg acc: 0.988762
Test 200, loss: 1.444209, test acc: 0.918558, test avg acc: 0.882413
Train 201, loss: 1.338099, train acc: 0.991653, train avg acc: 0.986506
Test 201, loss: 1.452169, test acc: 0.914911, test avg acc: 0.882244
Train 202, loss: 1.330571, train acc: 0.994503, train avg acc: 0.991675
Test 202, loss: 1.439259, test acc: 0.926256, test avg acc: 0.891041
Train 203, loss: 1.335287, train acc: 0.992467, train avg acc: 0.989271
Test 203, loss: 1.449652, test acc: 0.918152, test avg acc: 0.888541
Train 204, loss: 1.335015, train acc: 0.992875, train avg acc: 0.989450
Test 204, loss: 1.448738, test acc: 0.920989, test avg acc: 0.888331
Train 205, loss: 1.334123, train acc: 0.992264, train avg acc: 0.988171
Test 205, loss: 1.448366, test acc: 0.920178, test avg acc: 0.888628
Train 206, loss: 1.332136, train acc: 0.993078, train avg acc: 0.988610
Test 206, loss: 1.444369, test acc: 0.917342, test avg acc: 0.884459
Train 207, loss: 1.330710, train acc: 0.994300, train avg acc: 0.990529
Test 207, loss: 1.443363, test acc: 0.922609, test avg acc: 0.884122
Train 208, loss: 1.332057, train acc: 0.993893, train avg acc: 0.990221
Test 208, loss: 1.441013, test acc: 0.925041, test avg acc: 0.885500
Train 209, loss: 1.330121, train acc: 0.995216, train avg acc: 0.991814
Test 209, loss: 1.444992, test acc: 0.918963, test avg acc: 0.882919
Train 210, loss: 1.331622, train acc: 0.993078, train avg acc: 0.989288
Test 210, loss: 1.444286, test acc: 0.923015, test avg acc: 0.887128
Train 211, loss: 1.328959, train acc: 0.994300, train avg acc: 0.991522
Test 211, loss: 1.447901, test acc: 0.918963, test avg acc: 0.885756
Train 212, loss: 1.327567, train acc: 0.994910, train avg acc: 0.993344
Test 212, loss: 1.445375, test acc: 0.917747, test avg acc: 0.882547
Train 213, loss: 1.328345, train acc: 0.994707, train avg acc: 0.991477
Test 213, loss: 1.448979, test acc: 0.917342, test avg acc: 0.888797
Train 214, loss: 1.325436, train acc: 0.995725, train avg acc: 0.993934
Test 214, loss: 1.445530, test acc: 0.923015, test avg acc: 0.887372
Train 215, loss: 1.324712, train acc: 0.994910, train avg acc: 0.991897
Test 215, loss: 1.443823, test acc: 0.918963, test avg acc: 0.884756
Train 216, loss: 1.323597, train acc: 0.994910, train avg acc: 0.991799
Test 216, loss: 1.444433, test acc: 0.919368, test avg acc: 0.885041
Train 217, loss: 1.324848, train acc: 0.994910, train avg acc: 0.992039
Test 217, loss: 1.445469, test acc: 0.918963, test avg acc: 0.883878
Train 218, loss: 1.325727, train acc: 0.994605, train avg acc: 0.991264
Test 218, loss: 1.447665, test acc: 0.920583, test avg acc: 0.887041
Train 219, loss: 1.325160, train acc: 0.995012, train avg acc: 0.993054
Test 219, loss: 1.437735, test acc: 0.922204, test avg acc: 0.885500
Train 220, loss: 1.323212, train acc: 0.995928, train avg acc: 0.993241
Test 220, loss: 1.443573, test acc: 0.918963, test avg acc: 0.881000
Train 221, loss: 1.323262, train acc: 0.995216, train avg acc: 0.991949
Test 221, loss: 1.443793, test acc: 0.924230, test avg acc: 0.891122
Train 222, loss: 1.323251, train acc: 0.995521, train avg acc: 0.991811
Test 222, loss: 1.441133, test acc: 0.920178, test avg acc: 0.886831
Train 223, loss: 1.322169, train acc: 0.996437, train avg acc: 0.993726
Test 223, loss: 1.441250, test acc: 0.918963, test avg acc: 0.881709
Train 224, loss: 1.321806, train acc: 0.994503, train avg acc: 0.990986
Test 224, loss: 1.445827, test acc: 0.920583, test avg acc: 0.886628
Train 225, loss: 1.322117, train acc: 0.994910, train avg acc: 0.992036
Test 225, loss: 1.442375, test acc: 0.920178, test avg acc: 0.886709
Train 226, loss: 1.318107, train acc: 0.996539, train avg acc: 0.994735
Test 226, loss: 1.440411, test acc: 0.920583, test avg acc: 0.885000
Train 227, loss: 1.320829, train acc: 0.995827, train avg acc: 0.994183
Test 227, loss: 1.437047, test acc: 0.923420, test avg acc: 0.884622
Train 228, loss: 1.319263, train acc: 0.997557, train avg acc: 0.995723
Test 228, loss: 1.441798, test acc: 0.921394, test avg acc: 0.885209
Train 229, loss: 1.319919, train acc: 0.996743, train avg acc: 0.995297
Test 229, loss: 1.444028, test acc: 0.921394, test avg acc: 0.888535
Train 230, loss: 1.319879, train acc: 0.996437, train avg acc: 0.994728
Test 230, loss: 1.440347, test acc: 0.922204, test avg acc: 0.887791
Train 231, loss: 1.319881, train acc: 0.996539, train avg acc: 0.995055
Test 231, loss: 1.438850, test acc: 0.920178, test avg acc: 0.883331
Train 232, loss: 1.319477, train acc: 0.996946, train avg acc: 0.995421
Test 232, loss: 1.439196, test acc: 0.924635, test avg acc: 0.888413
Train 233, loss: 1.318704, train acc: 0.997048, train avg acc: 0.995991
Test 233, loss: 1.441372, test acc: 0.926256, test avg acc: 0.886203
Train 234, loss: 1.319422, train acc: 0.996437, train avg acc: 0.994721
Test 234, loss: 1.441298, test acc: 0.924230, test avg acc: 0.888285
Train 235, loss: 1.317125, train acc: 0.997048, train avg acc: 0.995364
Test 235, loss: 1.440629, test acc: 0.925041, test avg acc: 0.890744
Train 236, loss: 1.318926, train acc: 0.996336, train avg acc: 0.995039
Test 236, loss: 1.443269, test acc: 0.921799, test avg acc: 0.888703
Train 237, loss: 1.317053, train acc: 0.997252, train avg acc: 0.995260
Test 237, loss: 1.442427, test acc: 0.922204, test avg acc: 0.888122
Train 238, loss: 1.319808, train acc: 0.996030, train avg acc: 0.994164
Test 238, loss: 1.441901, test acc: 0.923015, test avg acc: 0.887331
Train 239, loss: 1.318218, train acc: 0.997659, train avg acc: 0.996476
Test 239, loss: 1.440909, test acc: 0.922609, test avg acc: 0.886372
Train 240, loss: 1.319169, train acc: 0.997048, train avg acc: 0.995436
Test 240, loss: 1.439113, test acc: 0.923420, test avg acc: 0.885913
Train 241, loss: 1.317059, train acc: 0.996539, train avg acc: 0.994498
Test 241, loss: 1.439701, test acc: 0.923825, test avg acc: 0.888622
Train 242, loss: 1.316933, train acc: 0.997659, train avg acc: 0.996410
Test 242, loss: 1.438379, test acc: 0.922609, test avg acc: 0.885122
Train 243, loss: 1.314267, train acc: 0.997557, train avg acc: 0.996264
Test 243, loss: 1.437721, test acc: 0.927472, test avg acc: 0.891285
Train 244, loss: 1.317136, train acc: 0.996132, train avg acc: 0.993711
Test 244, loss: 1.440594, test acc: 0.921799, test avg acc: 0.887750
Train 245, loss: 1.319056, train acc: 0.996844, train avg acc: 0.995366
Test 245, loss: 1.437732, test acc: 0.925041, test avg acc: 0.890494
Train 246, loss: 1.316163, train acc: 0.997964, train avg acc: 0.996701
Test 246, loss: 1.439657, test acc: 0.926256, test avg acc: 0.888576
Train 247, loss: 1.317882, train acc: 0.996641, train avg acc: 0.995158
Test 247, loss: 1.439473, test acc: 0.924635, test avg acc: 0.892163
Train 248, loss: 1.315264, train acc: 0.996946, train avg acc: 0.995598
Test 248, loss: 1.441414, test acc: 0.923420, test avg acc: 0.885244
Train 249, loss: 1.316005, train acc: 0.997659, train avg acc: 0.995829
Test 249, loss: 1.440640, test acc: 0.923420, test avg acc: 0.887622
Duration of the training phase: 18487.858664512634
