Namespace(exp_name='curvenet_cls_3', dataset='modelnet40', batch_size=32, test_batch_size=16, epochs=200, use_sgd=True, lr=0.001, momentum=0.9, scheduler='cos', no_cuda=False, eval=False, num_points=1024, model_path='')
random seed is: 5055
Using GPU : 0 from 1 devices
Let's use1GPUs!
Use SGD
Train 0, loss: 2.532394, train acc: 0.520765
Test 0, loss: 2.122592, test acc: 0.670989
best: 0.671
Train 1, loss: 2.184652, train acc: 0.658591
Test 1, loss: 1.983157, test acc: 0.729335
best: 0.729
Train 2, loss: 2.024413, train acc: 0.712948
Test 2, loss: 1.886627, test acc: 0.756078
best: 0.756
Train 3, loss: 1.932894, train acc: 0.751120
Test 3, loss: 1.811524, test acc: 0.793355
best: 0.793
Train 4, loss: 1.875794, train acc: 0.770155
Test 4, loss: 1.759646, test acc: 0.820097
best: 0.820
Train 5, loss: 1.834659, train acc: 0.793465
Test 5, loss: 1.746945, test acc: 0.818882
best: 0.820
Train 6, loss: 1.797205, train acc: 0.807309
Test 6, loss: 1.715125, test acc: 0.846434
best: 0.846
Train 7, loss: 1.771066, train acc: 0.815961
Test 7, loss: 1.660139, test acc: 0.858185
best: 0.858
Train 8, loss: 1.756379, train acc: 0.826038
Test 8, loss: 1.646115, test acc: 0.865073
best: 0.865
Train 9, loss: 1.730134, train acc: 0.835098
Test 9, loss: 1.683486, test acc: 0.846029
best: 0.865
Train 10, loss: 1.716875, train acc: 0.840493
Test 10, loss: 1.622887, test acc: 0.871151
best: 0.871
Train 11, loss: 1.698402, train acc: 0.843852
Test 11, loss: 1.610321, test acc: 0.865478
best: 0.871
Train 12, loss: 1.680565, train acc: 0.852911
Test 12, loss: 1.600638, test acc: 0.878849
best: 0.879
Train 13, loss: 1.670723, train acc: 0.859426
Test 13, loss: 1.573695, test acc: 0.892626
best: 0.893
Train 14, loss: 1.664249, train acc: 0.858612
Test 14, loss: 1.578904, test acc: 0.886953
best: 0.893
Train 15, loss: 1.650880, train acc: 0.864312
Test 15, loss: 1.594848, test acc: 0.889384
best: 0.893
Train 16, loss: 1.642911, train acc: 0.870012
Test 16, loss: 1.646123, test acc: 0.857780
best: 0.893
Train 17, loss: 1.633289, train acc: 0.874491
Test 17, loss: 1.605773, test acc: 0.877634
best: 0.893
Train 18, loss: 1.634190, train acc: 0.872964
Test 18, loss: 1.568323, test acc: 0.884522
best: 0.893
Train 19, loss: 1.623311, train acc: 0.878054
Test 19, loss: 1.577801, test acc: 0.885737
best: 0.893
Train 20, loss: 1.617230, train acc: 0.882024
Test 20, loss: 1.602885, test acc: 0.865478
best: 0.893
Train 21, loss: 1.611954, train acc: 0.883550
Test 21, loss: 1.558020, test acc: 0.904376
best: 0.904
Train 22, loss: 1.609954, train acc: 0.883754
Test 22, loss: 1.560260, test acc: 0.894246
best: 0.904
Train 23, loss: 1.599599, train acc: 0.887826
Test 23, loss: 1.569677, test acc: 0.889789
best: 0.904
Train 24, loss: 1.593828, train acc: 0.892610
Test 24, loss: 1.566114, test acc: 0.894246
best: 0.904
Train 25, loss: 1.595228, train acc: 0.890574
Test 25, loss: 1.561217, test acc: 0.891410
best: 0.904
Train 26, loss: 1.592638, train acc: 0.890472
Test 26, loss: 1.583248, test acc: 0.884117
best: 0.904
Train 27, loss: 1.585032, train acc: 0.891897
Test 27, loss: 1.535812, test acc: 0.899109
best: 0.904
Train 28, loss: 1.580717, train acc: 0.891897
Test 28, loss: 1.546927, test acc: 0.899109
best: 0.904
Train 29, loss: 1.572531, train acc: 0.897292
Test 29, loss: 1.547109, test acc: 0.891815
best: 0.904
Train 30, loss: 1.578696, train acc: 0.895460
Test 30, loss: 1.527687, test acc: 0.907618
best: 0.908
Train 31, loss: 1.568423, train acc: 0.900753
Test 31, loss: 1.533846, test acc: 0.898298
best: 0.908
Train 32, loss: 1.563082, train acc: 0.903502
Test 32, loss: 1.552995, test acc: 0.897083
best: 0.908
Train 33, loss: 1.568088, train acc: 0.899125
Test 33, loss: 1.532623, test acc: 0.904781
best: 0.908
Train 34, loss: 1.555575, train acc: 0.907879
Test 34, loss: 1.534256, test acc: 0.899109
best: 0.908
Train 35, loss: 1.555413, train acc: 0.904927
Test 35, loss: 1.525456, test acc: 0.901945
best: 0.908
Train 36, loss: 1.553721, train acc: 0.903603
Test 36, loss: 1.542177, test acc: 0.896677
best: 0.908
Train 37, loss: 1.559164, train acc: 0.901568
Test 37, loss: 1.526126, test acc: 0.900324
best: 0.908
Train 38, loss: 1.548082, train acc: 0.906759
Test 38, loss: 1.529273, test acc: 0.907212
best: 0.908
Train 39, loss: 1.546520, train acc: 0.906250
Test 39, loss: 1.559433, test acc: 0.886548
best: 0.908
Train 40, loss: 1.542682, train acc: 0.908388
Test 40, loss: 1.553135, test acc: 0.896272
best: 0.908
Train 41, loss: 1.543790, train acc: 0.908489
Test 41, loss: 1.542176, test acc: 0.889789
best: 0.908
Train 42, loss: 1.535944, train acc: 0.911849
Test 42, loss: 1.522934, test acc: 0.909643
best: 0.910
Train 43, loss: 1.534397, train acc: 0.911543
Test 43, loss: 1.527533, test acc: 0.905186
best: 0.910
Train 44, loss: 1.529214, train acc: 0.916124
Test 44, loss: 1.530546, test acc: 0.892220
best: 0.910
Train 45, loss: 1.529522, train acc: 0.913986
Test 45, loss: 1.508314, test acc: 0.912885
best: 0.913
Train 46, loss: 1.529042, train acc: 0.915513
Test 46, loss: 1.526002, test acc: 0.900729
best: 0.913
Train 47, loss: 1.522975, train acc: 0.917854
Test 47, loss: 1.521715, test acc: 0.908428
best: 0.913
Train 48, loss: 1.524057, train acc: 0.916327
Test 48, loss: 1.542468, test acc: 0.895057
best: 0.913
Train 49, loss: 1.523940, train acc: 0.918058
Test 49, loss: 1.545011, test acc: 0.891410
best: 0.913
Train 50, loss: 1.521204, train acc: 0.918465
Test 50, loss: 1.518099, test acc: 0.906807
best: 0.913
Train 51, loss: 1.521141, train acc: 0.916327
Test 51, loss: 1.509502, test acc: 0.910049
best: 0.913
Train 52, loss: 1.514859, train acc: 0.919279
Test 52, loss: 1.507901, test acc: 0.899514
best: 0.913
Train 53, loss: 1.514480, train acc: 0.919178
Test 53, loss: 1.511999, test acc: 0.907212
best: 0.913
Train 54, loss: 1.514078, train acc: 0.921722
Test 54, loss: 1.504719, test acc: 0.911264
best: 0.913
Train 55, loss: 1.511642, train acc: 0.923249
Test 55, loss: 1.539748, test acc: 0.895867
best: 0.913
Train 56, loss: 1.509552, train acc: 0.922638
Test 56, loss: 1.541485, test acc: 0.886143
best: 0.913
Train 57, loss: 1.507344, train acc: 0.919788
Test 57, loss: 1.515199, test acc: 0.907212
best: 0.913
Train 58, loss: 1.502679, train acc: 0.926812
Test 58, loss: 1.493784, test acc: 0.910454
best: 0.913
Train 59, loss: 1.502344, train acc: 0.924572
Test 59, loss: 1.501610, test acc: 0.913695
best: 0.914
Train 60, loss: 1.497753, train acc: 0.924165
Test 60, loss: 1.551274, test acc: 0.879254
best: 0.914
Train 61, loss: 1.497533, train acc: 0.927321
Test 61, loss: 1.514919, test acc: 0.901540
best: 0.914
Train 62, loss: 1.494256, train acc: 0.927728
Test 62, loss: 1.512048, test acc: 0.908833
best: 0.914
Train 63, loss: 1.493637, train acc: 0.930578
Test 63, loss: 1.507819, test acc: 0.908833
best: 0.914
Train 64, loss: 1.496260, train acc: 0.928237
Test 64, loss: 1.499467, test acc: 0.915721
best: 0.916
Train 65, loss: 1.491287, train acc: 0.927524
Test 65, loss: 1.495469, test acc: 0.913695
best: 0.916
Train 66, loss: 1.491355, train acc: 0.928950
Test 66, loss: 1.491280, test acc: 0.914100
best: 0.916
Train 67, loss: 1.483257, train acc: 0.933937
Test 67, loss: 1.522209, test acc: 0.899919
best: 0.916
Train 68, loss: 1.484137, train acc: 0.930375
Test 68, loss: 1.495218, test acc: 0.909643
best: 0.916
Train 69, loss: 1.485841, train acc: 0.930985
Test 69, loss: 1.522999, test acc: 0.904376
best: 0.916
Train 70, loss: 1.484931, train acc: 0.933836
Test 70, loss: 1.493649, test acc: 0.916937
best: 0.917
Train 71, loss: 1.480756, train acc: 0.929967
Test 71, loss: 1.492504, test acc: 0.909643
best: 0.917
Train 72, loss: 1.472380, train acc: 0.937398
Test 72, loss: 1.489981, test acc: 0.918152
best: 0.918
Train 73, loss: 1.479013, train acc: 0.933632
Test 73, loss: 1.500546, test acc: 0.911669
best: 0.918
Train 74, loss: 1.472195, train acc: 0.935871
Test 74, loss: 1.504875, test acc: 0.909643
best: 0.918
Train 75, loss: 1.470004, train acc: 0.935057
Test 75, loss: 1.511668, test acc: 0.906807
best: 0.918
Train 76, loss: 1.470566, train acc: 0.937093
Test 76, loss: 1.493971, test acc: 0.914911
best: 0.918
Train 77, loss: 1.465942, train acc: 0.940350
Test 77, loss: 1.472988, test acc: 0.921799
best: 0.922
Train 78, loss: 1.466037, train acc: 0.939230
Test 78, loss: 1.481632, test acc: 0.918963
best: 0.922
Train 79, loss: 1.461672, train acc: 0.942691
Test 79, loss: 1.485478, test acc: 0.915316
best: 0.922
Train 80, loss: 1.461577, train acc: 0.939332
Test 80, loss: 1.480612, test acc: 0.914911
best: 0.922
Train 81, loss: 1.459604, train acc: 0.942182
Test 81, loss: 1.471904, test acc: 0.919773
best: 0.922
Train 82, loss: 1.457233, train acc: 0.941368
Test 82, loss: 1.486647, test acc: 0.912480
best: 0.922
Train 83, loss: 1.457339, train acc: 0.942284
Test 83, loss: 1.469575, test acc: 0.919773
best: 0.922
Train 84, loss: 1.453512, train acc: 0.945745
Test 84, loss: 1.496736, test acc: 0.907212
best: 0.922
Train 85, loss: 1.457012, train acc: 0.944422
Test 85, loss: 1.492432, test acc: 0.903971
best: 0.922
Train 86, loss: 1.449907, train acc: 0.946559
Test 86, loss: 1.492857, test acc: 0.917747
best: 0.922
Train 87, loss: 1.447743, train acc: 0.944320
Test 87, loss: 1.484967, test acc: 0.915721
best: 0.922
Train 88, loss: 1.440087, train acc: 0.948799
Test 88, loss: 1.478739, test acc: 0.925041
best: 0.925
Train 89, loss: 1.439640, train acc: 0.947476
Test 89, loss: 1.469961, test acc: 0.911669
best: 0.925
Train 90, loss: 1.438866, train acc: 0.949410
Test 90, loss: 1.462101, test acc: 0.920583
best: 0.925
Train 91, loss: 1.442281, train acc: 0.947170
Test 91, loss: 1.463227, test acc: 0.922204
best: 0.925
Train 92, loss: 1.436762, train acc: 0.949919
Test 92, loss: 1.469435, test acc: 0.920989
best: 0.925
Train 93, loss: 1.435049, train acc: 0.948493
Test 93, loss: 1.477095, test acc: 0.914100
best: 0.925
Train 94, loss: 1.430593, train acc: 0.952463
Test 94, loss: 1.480373, test acc: 0.918152
best: 0.925
Train 95, loss: 1.431535, train acc: 0.950326
Test 95, loss: 1.483343, test acc: 0.914100
best: 0.925
Train 96, loss: 1.422622, train acc: 0.955924
Test 96, loss: 1.473768, test acc: 0.918152
best: 0.925
Train 97, loss: 1.426794, train acc: 0.953685
Test 97, loss: 1.480654, test acc: 0.920989
best: 0.925
Train 98, loss: 1.427946, train acc: 0.953888
Test 98, loss: 1.465806, test acc: 0.921799
best: 0.925
Train 99, loss: 1.422552, train acc: 0.954601
Test 99, loss: 1.479772, test acc: 0.909238
best: 0.925
Train 100, loss: 1.419504, train acc: 0.956331
Test 100, loss: 1.488870, test acc: 0.911669
best: 0.925
Train 101, loss: 1.419329, train acc: 0.956331
Test 101, loss: 1.473865, test acc: 0.916126
best: 0.925
Train 102, loss: 1.420393, train acc: 0.956840
Test 102, loss: 1.492940, test acc: 0.908833
best: 0.925
Train 103, loss: 1.413003, train acc: 0.958978
Test 103, loss: 1.480082, test acc: 0.915316
best: 0.925
Train 104, loss: 1.415644, train acc: 0.956942
Test 104, loss: 1.471310, test acc: 0.916937
best: 0.925
Train 105, loss: 1.415294, train acc: 0.957757
Test 105, loss: 1.475032, test acc: 0.913695
best: 0.925
Train 106, loss: 1.414009, train acc: 0.960403
Test 106, loss: 1.467087, test acc: 0.916937
best: 0.925
Train 107, loss: 1.408271, train acc: 0.963050
Test 107, loss: 1.469275, test acc: 0.923825
best: 0.925
Train 108, loss: 1.403814, train acc: 0.962948
Test 108, loss: 1.463859, test acc: 0.916937
best: 0.925
Train 109, loss: 1.405251, train acc: 0.962643
Test 109, loss: 1.475022, test acc: 0.917342
best: 0.925
Train 110, loss: 1.402867, train acc: 0.962643
Test 110, loss: 1.466743, test acc: 0.916126
best: 0.925
Train 111, loss: 1.399239, train acc: 0.964780
Test 111, loss: 1.447384, test acc: 0.925446
best: 0.925
Train 112, loss: 1.398783, train acc: 0.963660
Test 112, loss: 1.456367, test acc: 0.919368
best: 0.925
Train 113, loss: 1.395254, train acc: 0.964984
Test 113, loss: 1.471672, test acc: 0.914100
best: 0.925
Train 114, loss: 1.396447, train acc: 0.964984
Test 114, loss: 1.476607, test acc: 0.922204
best: 0.925
Train 115, loss: 1.396567, train acc: 0.965900
Test 115, loss: 1.457163, test acc: 0.923420
best: 0.925
Train 116, loss: 1.394777, train acc: 0.966409
Test 116, loss: 1.447317, test acc: 0.927472
best: 0.927
Train 117, loss: 1.389022, train acc: 0.967020
Test 117, loss: 1.445653, test acc: 0.923015
best: 0.927
Train 118, loss: 1.390040, train acc: 0.965900
Test 118, loss: 1.459970, test acc: 0.916937
best: 0.927
Train 119, loss: 1.385971, train acc: 0.968139
Test 119, loss: 1.464615, test acc: 0.917747
best: 0.927
Train 120, loss: 1.385236, train acc: 0.969971
Test 120, loss: 1.456163, test acc: 0.923015
best: 0.927
Train 121, loss: 1.385280, train acc: 0.968546
Test 121, loss: 1.471972, test acc: 0.911264
best: 0.927
Train 122, loss: 1.381597, train acc: 0.969870
Test 122, loss: 1.445205, test acc: 0.928282
best: 0.928
Train 123, loss: 1.378999, train acc: 0.971193
Test 123, loss: 1.459116, test acc: 0.922204
best: 0.928
Train 124, loss: 1.376010, train acc: 0.972720
Test 124, loss: 1.454367, test acc: 0.918963
best: 0.928
Train 125, loss: 1.379253, train acc: 0.970989
Test 125, loss: 1.461087, test acc: 0.916937
best: 0.928
Train 126, loss: 1.372738, train acc: 0.973432
Test 126, loss: 1.468750, test acc: 0.916937
best: 0.928
Train 127, loss: 1.372812, train acc: 0.972618
Test 127, loss: 1.445208, test acc: 0.922609
best: 0.928
Train 128, loss: 1.371265, train acc: 0.973840
Test 128, loss: 1.453109, test acc: 0.923825
best: 0.928
Train 129, loss: 1.367249, train acc: 0.974450
Test 129, loss: 1.439241, test acc: 0.927472
best: 0.928
Train 130, loss: 1.367444, train acc: 0.974450
Test 130, loss: 1.440710, test acc: 0.928282
best: 0.928
Train 131, loss: 1.368955, train acc: 0.973941
Test 131, loss: 1.471375, test acc: 0.915721
best: 0.928
Train 132, loss: 1.364299, train acc: 0.975366
Test 132, loss: 1.441501, test acc: 0.926661
best: 0.928
Train 133, loss: 1.360891, train acc: 0.978522
Test 133, loss: 1.443766, test acc: 0.926256
best: 0.928
Train 134, loss: 1.362377, train acc: 0.977097
Test 134, loss: 1.445965, test acc: 0.926256
best: 0.928
Train 135, loss: 1.359311, train acc: 0.976792
Test 135, loss: 1.436717, test acc: 0.923420
best: 0.928
Train 136, loss: 1.355317, train acc: 0.980354
Test 136, loss: 1.438247, test acc: 0.927472
best: 0.928
Train 137, loss: 1.358836, train acc: 0.976792
Test 137, loss: 1.435750, test acc: 0.927877
best: 0.928
Train 138, loss: 1.354785, train acc: 0.979031
Test 138, loss: 1.444443, test acc: 0.922609
best: 0.928
Train 139, loss: 1.352276, train acc: 0.979540
Test 139, loss: 1.443259, test acc: 0.925851
best: 0.928
Train 140, loss: 1.348929, train acc: 0.980354
Test 140, loss: 1.440877, test acc: 0.927066
best: 0.928
Train 141, loss: 1.350465, train acc: 0.980049
Test 141, loss: 1.430209, test acc: 0.929092
best: 0.929
Train 142, loss: 1.347079, train acc: 0.981474
Test 142, loss: 1.436183, test acc: 0.926256
best: 0.929
Train 143, loss: 1.348257, train acc: 0.981372
Test 143, loss: 1.431043, test acc: 0.929092
best: 0.929
Train 144, loss: 1.347218, train acc: 0.982695
Test 144, loss: 1.436191, test acc: 0.927472
best: 0.929
Train 145, loss: 1.341850, train acc: 0.983204
Test 145, loss: 1.431838, test acc: 0.929903
best: 0.930
Train 146, loss: 1.340852, train acc: 0.982288
Test 146, loss: 1.436368, test acc: 0.931929
best: 0.932
Train 147, loss: 1.340754, train acc: 0.982492
Test 147, loss: 1.431486, test acc: 0.926256
best: 0.932
Train 148, loss: 1.339511, train acc: 0.984731
Test 148, loss: 1.441619, test acc: 0.920178
best: 0.932
Train 149, loss: 1.341754, train acc: 0.982085
Test 149, loss: 1.435198, test acc: 0.927066
best: 0.932
Train 150, loss: 1.337600, train acc: 0.985444
Test 150, loss: 1.441327, test acc: 0.925851
best: 0.932
Train 151, loss: 1.335056, train acc: 0.985953
Test 151, loss: 1.438903, test acc: 0.924635
best: 0.932
Train 152, loss: 1.336374, train acc: 0.984731
Test 152, loss: 1.438646, test acc: 0.926661
best: 0.932
Train 153, loss: 1.332276, train acc: 0.987072
Test 153, loss: 1.429756, test acc: 0.929092
best: 0.932
Train 154, loss: 1.333981, train acc: 0.985342
Test 154, loss: 1.432610, test acc: 0.927066
best: 0.932
Train 155, loss: 1.329780, train acc: 0.987174
Test 155, loss: 1.430252, test acc: 0.930713
best: 0.932
Train 156, loss: 1.329003, train acc: 0.988192
Test 156, loss: 1.432198, test acc: 0.931929
best: 0.932
Train 157, loss: 1.327064, train acc: 0.988396
Test 157, loss: 1.431066, test acc: 0.929498
best: 0.932
Train 158, loss: 1.328087, train acc: 0.988090
Test 158, loss: 1.427400, test acc: 0.929498
best: 0.932
Train 159, loss: 1.325697, train acc: 0.988396
Test 159, loss: 1.427502, test acc: 0.933549
best: 0.934
Train 160, loss: 1.325954, train acc: 0.989210
Test 160, loss: 1.430612, test acc: 0.933955
best: 0.934
Train 161, loss: 1.322855, train acc: 0.988905
Test 161, loss: 1.435890, test acc: 0.925851
best: 0.934
Train 162, loss: 1.322960, train acc: 0.989515
Test 162, loss: 1.430463, test acc: 0.927877
best: 0.934
Train 163, loss: 1.322262, train acc: 0.989515
Test 163, loss: 1.432371, test acc: 0.927472
best: 0.934
Train 164, loss: 1.321095, train acc: 0.989210
Test 164, loss: 1.431997, test acc: 0.927472
best: 0.934
Train 165, loss: 1.320302, train acc: 0.988701
Test 165, loss: 1.431523, test acc: 0.928282
best: 0.934
Train 166, loss: 1.318229, train acc: 0.990432
Test 166, loss: 1.433575, test acc: 0.926661
best: 0.934
Train 167, loss: 1.317389, train acc: 0.991144
Test 167, loss: 1.429537, test acc: 0.929498
best: 0.934
Train 168, loss: 1.316682, train acc: 0.990228
Test 168, loss: 1.431357, test acc: 0.928687
best: 0.934
Train 169, loss: 1.316041, train acc: 0.992467
Test 169, loss: 1.434660, test acc: 0.927877
best: 0.934
Train 170, loss: 1.316623, train acc: 0.991246
Test 170, loss: 1.432029, test acc: 0.928282
best: 0.934
Train 171, loss: 1.314170, train acc: 0.991246
Test 171, loss: 1.430866, test acc: 0.930713
best: 0.934
Train 172, loss: 1.314226, train acc: 0.991450
Test 172, loss: 1.432394, test acc: 0.930713
best: 0.934
Train 173, loss: 1.313148, train acc: 0.990432
Test 173, loss: 1.433544, test acc: 0.928687
best: 0.934
Train 174, loss: 1.313060, train acc: 0.992162
Test 174, loss: 1.429302, test acc: 0.930308
best: 0.934
Train 175, loss: 1.312824, train acc: 0.991653
Test 175, loss: 1.433899, test acc: 0.926661
best: 0.934
Train 176, loss: 1.310884, train acc: 0.992671
Test 176, loss: 1.425491, test acc: 0.932739
best: 0.934
Train 177, loss: 1.309790, train acc: 0.993384
Test 177, loss: 1.429717, test acc: 0.932334
best: 0.934
Train 178, loss: 1.310348, train acc: 0.992671
Test 178, loss: 1.432053, test acc: 0.929092
best: 0.934
Train 179, loss: 1.310937, train acc: 0.991551
Test 179, loss: 1.430007, test acc: 0.930713
best: 0.934
Train 180, loss: 1.310115, train acc: 0.993791
Test 180, loss: 1.432345, test acc: 0.927877
best: 0.934
Train 181, loss: 1.310274, train acc: 0.993078
Test 181, loss: 1.430364, test acc: 0.929092
best: 0.934
Train 182, loss: 1.309210, train acc: 0.993282
Test 182, loss: 1.427616, test acc: 0.930713
best: 0.934
Train 183, loss: 1.309567, train acc: 0.992264
Test 183, loss: 1.432571, test acc: 0.929903
best: 0.934
Train 184, loss: 1.307125, train acc: 0.993893
Test 184, loss: 1.427768, test acc: 0.929903
best: 0.934
Train 185, loss: 1.307894, train acc: 0.992569
Test 185, loss: 1.429136, test acc: 0.928282
best: 0.934
Train 186, loss: 1.307006, train acc: 0.993689
Test 186, loss: 1.431231, test acc: 0.929903
best: 0.934
Train 187, loss: 1.306450, train acc: 0.993689
Test 187, loss: 1.427617, test acc: 0.931524
best: 0.934
Train 188, loss: 1.304945, train acc: 0.994707
Test 188, loss: 1.428822, test acc: 0.930713
best: 0.934
Train 189, loss: 1.306141, train acc: 0.994605
Test 189, loss: 1.426385, test acc: 0.932739
best: 0.934
Train 190, loss: 1.306888, train acc: 0.994605
Test 190, loss: 1.427417, test acc: 0.933144
best: 0.934
Train 191, loss: 1.303617, train acc: 0.994503
Test 191, loss: 1.427436, test acc: 0.932334
best: 0.934
Train 192, loss: 1.305259, train acc: 0.994300
Test 192, loss: 1.427864, test acc: 0.932334
best: 0.934
Train 193, loss: 1.305979, train acc: 0.994198
Test 193, loss: 1.428414, test acc: 0.931524
best: 0.934
Train 194, loss: 1.306348, train acc: 0.993994
Test 194, loss: 1.428599, test acc: 0.931929
best: 0.934
Train 195, loss: 1.305558, train acc: 0.993893
Test 195, loss: 1.427583, test acc: 0.932334
best: 0.934
Train 196, loss: 1.303886, train acc: 0.995216
Test 196, loss: 1.427622, test acc: 0.931118
best: 0.934
Train 197, loss: 1.306186, train acc: 0.994605
Test 197, loss: 1.427903, test acc: 0.930713
best: 0.934
Train 198, loss: 1.305093, train acc: 0.993893
Test 198, loss: 1.427303, test acc: 0.932739
best: 0.934
Train 199, loss: 1.303464, train acc: 0.993587
Test 199, loss: 1.427084, test acc: 0.931929
best: 0.934

***Duration of the training phase: 17366.66545200348***

